2026-01-31 20:47:26.023 +05:30 [INF] Executed DbCommand (6ms) [Parameters=[], CommandType='"Text"', CommandTimeout='30']
SELECT EXISTS (
    SELECT 1
    FROM "Products" AS "p")
2026-01-31 20:47:26.201 +05:30 [INF] Now listening on: http://localhost:5296
2026-01-31 20:47:26.206 +05:30 [INF] Application started. Press Ctrl+C to shut down.
2026-01-31 20:47:26.207 +05:30 [INF] Hosting environment: Development
2026-01-31 20:47:26.209 +05:30 [INF] Content root path: D:\Study\Development\Learning\DECom_API
2026-01-31 20:47:41.258 +05:30 [INF] Request starting HTTP/1.1 GET http://localhost:5296/api/Product - null null
2026-01-31 20:47:41.300 +05:30 [WRN] Failed to determine the https port for redirect.
2026-01-31 20:47:41.308 +05:30 [INF] Executing endpoint 'Controllers.ProductController.GetAll (DECom_API)'
2026-01-31 20:47:41.325 +05:30 [INF] Route matched with {action = "GetAll", controller = "Product"}. Executing controller action with signature System.Threading.Tasks.Task`1[Microsoft.AspNetCore.Mvc.IActionResult] GetAll() on controller Controllers.ProductController (DECom_API).
2026-01-31 20:47:41.337 +05:30 [INF] Executed action Controllers.ProductController.GetAll (DECom_API) in 4.9167ms
2026-01-31 20:47:41.347 +05:30 [INF] Executed endpoint 'Controllers.ProductController.GetAll (DECom_API)'
2026-01-31 20:47:41.350 +05:30 [ERR] Unhandled exception occurred
System.DivideByZeroException: Attempted to divide by zero.
   at Infrastructure.Repositories.ProductRepository.GetAllAsync() in D:\Study\Development\Learning\DECom_API\Infrastructure\Repositories\ProductRepository.cs:line 19
   at Application.Services.ProductService.GetAllAsync() in D:\Study\Development\Learning\DECom_API\Application\Services\ProductService.cs:line 16
   at Controllers.ProductController.GetAll() in D:\Study\Development\Learning\DECom_API\Controllers\ProductsController.cs:line 22
   at Microsoft.AspNetCore.Mvc.Infrastructure.ActionMethodExecutor.TaskOfIActionResultExecutor.Execute(ActionContext actionContext, IActionResultTypeMapper mapper, ObjectMethodExecutor executor, Object controller, Object[] arguments)
   at Microsoft.AspNetCore.Mvc.Infrastructure.ControllerActionInvoker.<InvokeActionMethodAsync>g__Awaited|12_0(ControllerActionInvoker invoker, ValueTask`1 actionResultValueTask)
   at Microsoft.AspNetCore.Mvc.Infrastructure.ControllerActionInvoker.<InvokeNextActionFilterAsync>g__Awaited|10_0(ControllerActionInvoker invoker, Task lastTask, State next, Scope scope, Object state, Boolean isCompleted)
   at Microsoft.AspNetCore.Mvc.Infrastructure.ControllerActionInvoker.Rethrow(ActionExecutedContextSealed context)
   at Microsoft.AspNetCore.Mvc.Infrastructure.ControllerActionInvoker.Next(State& next, Scope& scope, Object& state, Boolean& isCompleted)
   at Microsoft.AspNetCore.Mvc.Infrastructure.ControllerActionInvoker.InvokeInnerFilterAsync()
--- End of stack trace from previous location ---
   at Microsoft.AspNetCore.Mvc.Infrastructure.ResourceInvoker.<InvokeFilterPipelineAsync>g__Awaited|20_0(ResourceInvoker invoker, Task lastTask, State next, Scope scope, Object state, Boolean isCompleted)
   at Microsoft.AspNetCore.Mvc.Infrastructure.ResourceInvoker.<InvokeAsync>g__Logged|17_1(ResourceInvoker invoker)
   at Microsoft.AspNetCore.Mvc.Infrastructure.ResourceInvoker.<InvokeAsync>g__Logged|17_1(ResourceInvoker invoker)
   at Microsoft.AspNetCore.Routing.EndpointMiddleware.<Invoke>g__AwaitRequestTask|7_0(Endpoint endpoint, Task requestTask, ILogger logger)
   at Microsoft.AspNetCore.Authorization.AuthorizationMiddleware.Invoke(HttpContext context)
   at Middleware.ExceptionMiddleware.InvokeAsync(HttpContext context) in D:\Study\Development\Learning\DECom_API\Middleware\ExceptionMiddleware.cs:line 21
2026-01-31 20:47:41.419 +05:30 [INF] Request finished HTTP/1.1 GET http://localhost:5296/api/Product - 500 null application/json 161.6961ms
